<?xml version="1.0" encoding="UTF-8"?>
<!-- Generated by org.testng.reporters.JUnitReportReporter -->
<testsuite hostname="Thirosh" failures="0" tests="21" name="register.RegisterAllTestCases" time="157.469" errors="0" timestamp="2024-01-26T20:48:06 IST" skipped="0">
  <testcase classname="register.RegisterAllTestCases" name="registerAccountWithAllMandatoryFields" time="6.195"/>
  <testcase classname="register.RegisterAllTestCases" name="registerAccountWithAllFields" time="6.090"/>
  <testcase classname="register.RegisterAllTestCases" name="registerWithoutProvidingAnyFields" time="4.432"/>
  <testcase classname="register.RegisterAllTestCases" name="registerAccountBySelectingYesNewsLetterOption" time="7.027"/>
  <testcase classname="register.RegisterAllTestCases" name="registerAccountBySelectNoNewsLetterOption" time="6.474"/>
  <testcase classname="register.RegisterAllTestCases" name="differentRegisterAccountPageNavigate" time="9.334"/>
  <testcase classname="register.RegisterAllTestCases" name="registerAccountByProvidingDifferentPasswordMisMatches" time="5.703"/>
  <testcase classname="register.RegisterAllTestCases" name="registerDuplicateAccountWithSameEmail" time="7.589"/>
  <testcase classname="register.RegisterAllTestCases" name="registerInvalidEmailAddress" time="7.976"/>
  <testcase classname="register.RegisterAllTestCases" name="registerInvalidEmailAddress" time="7.590"/>
  <testcase classname="register.RegisterAllTestCases" name="registerInvalidEmailAddress" time="7.685"/>
  <testcase classname="register.RegisterAllTestCases" name="registerInvalidEmailAddress" time="7.812"/>
  <testcase classname="register.RegisterAllTestCases" name="registerInvalidEmailAddress" time="7.692"/>
  <testcase classname="register.RegisterAllTestCases" name="registerInvalidEmailAddress" time="7.572"/>
  <testcase classname="register.RegisterAllTestCases" name="registerInvalidPhoneNumber" time="5.822"/>
  <testcase classname="register.RegisterAllTestCases" name="registerInvalidPhoneNumber" time="7.017"/>
  <testcase classname="register.RegisterAllTestCases" name="registerInvalidPhoneNumber" time="5.702"/>
  <testcase classname="register.RegisterAllTestCases" name="registerInvalidPhoneNumber" time="5.408"/>
  <testcase classname="register.RegisterAllTestCases" name="registerAccountUsingKeyboardKeys" time="25.652"/>
  <testcase classname="register.RegisterAllTestCases" name="registerAccountPlaceholderChecking" time="4.129"/>
  <testcase classname="register.RegisterAllTestCases" name="registerAccountMandatoryFieldsAsterickSymbolsCheck" time="4.568"/>
</testsuite> <!-- register.RegisterAllTestCases -->
