<?xml version="1.0" encoding="UTF-8"?>
<!-- Generated by org.testng.reporters.JUnitReportReporter -->
<testsuite hostname="Thirosh" failures="0" tests="3" name="multipleWindows.MultipleWindows" time="14.000" errors="0" timestamp="2024-02-13T09:57:56 IST" skipped="0">
  <testcase classname="multipleWindows.MultipleWindows" name="testApplicationDemo" time="5.228"/>
  <testcase classname="multipleWindows.MultipleWindows" name="testApplicationDemo" time="5.033"/>
  <testcase classname="multipleWindows.MultipleWindows" name="testApplicationDemo" time="3.739"/>
</testsuite> <!-- multipleWindows.MultipleWindows -->
