<?xml version="1.0" encoding="UTF-8"?>
<!-- Generated by org.testng.reporters.JUnitReportReporter -->
<testsuite hostname="Thirosh" failures="0" tests="1" name="register.RegisterTCRF012" time="38.146" errors="0" timestamp="2024-01-26T12:57:02 IST" skipped="0">
  <testcase classname="register.RegisterTCRF012" name="registerAccountUsingKeyboardKeys" time="38.146"/>
</testsuite> <!-- register.RegisterTCRF012 -->
