<?xml version="1.0" encoding="UTF-8"?>
<!-- Generated by org.testng.reporters.JUnitReportReporter -->
<testsuite hostname="Thirosh" failures="0" tests="1" name="register.RegisterTCRF001" time="6.850" errors="0" timestamp="2024-01-21T10:34:48 IST" skipped="0">
  <testcase classname="register.RegisterTCRF001" name="abcd" time="6.850"/>
</testsuite> <!-- register.RegisterTCRF001 -->
