<?xml version="1.0" encoding="UTF-8"?>
<!-- Generated by org.testng.reporters.JUnitReportReporter -->
<testsuite hostname="Thirosh" failures="0" tests="1" name="register.RegisterTCRF013" time="3.161" errors="0" timestamp="2024-01-26T14:24:35 IST" skipped="0">
  <testcase classname="register.RegisterTCRF013" name="registerAccountPlaceholderChecking" time="3.161"/>
</testsuite> <!-- register.RegisterTCRF013 -->
