<?xml version="1.0" encoding="UTF-8"?>
<!-- Generated by org.testng.reporters.JUnitReportReporter -->
<testsuite hostname="Thirosh" failures="0" tests="4" name="api.testCases.UserTest" time="8.554" errors="0" timestamp="2024-02-09T15:07:02 IST" skipped="0">
  <testcase classname="api.testCases.UserTest" name="newCreateUser" time="3.234"/>
  <testcase classname="api.testCases.UserTest" name="getUserData" time="2.288"/>
  <testcase classname="api.testCases.UserTest" name="updateUserData" time="1.700"/>
  <testcase classname="api.testCases.UserTest" name="deleteUserData" time="1.332"/>
</testsuite> <!-- api.testCases.UserTest -->
