<?xml version="1.0" encoding="UTF-8"?>
<!-- Generated by org.testng.reporters.JUnitReportReporter -->
<testsuite hostname="Thirosh" failures="0" tests="1" name="register.RegisterTCRF014" time="3.085" errors="0" timestamp="2024-01-26T14:15:07 IST" skipped="0">
  <testcase classname="register.RegisterTCRF014" name="registerAccountMandatoryFieldsAsterickSymbolsCheck" time="3.085"/>
</testsuite> <!-- register.RegisterTCRF014 -->
